proguard/seeds.txt
com.fenritz.safecam.CameraActivity
com.fenritz.safecam.CameraActivity: CameraActivity()
com.fenritz.safecam.ChangePasswordActivity
com.fenritz.safecam.ChangePasswordActivity: ChangePasswordActivity()
com.fenritz.safecam.DashboardActivity
com.fenritz.safecam.DashboardActivity: DashboardActivity()
com.fenritz.safecam.FileDialog
com.fenritz.safecam.FileDialog: FileDialog()
com.fenritz.safecam.GalleryActivity
com.fenritz.safecam.GalleryActivity: GalleryActivity()
com.fenritz.safecam.ImportPhotosActivity
com.fenritz.safecam.ImportPhotosActivity: ImportPhotosActivity()
com.fenritz.safecam.SafeCameraActivity
com.fenritz.safecam.SafeCameraActivity: SafeCameraActivity()
com.fenritz.safecam.SafeCameraApplication
com.fenritz.safecam.SafeCameraApplication: SafeCameraApplication()
com.fenritz.safecam.SetUpActivity
com.fenritz.safecam.SetUpActivity: SetUpActivity()
com.fenritz.safecam.SettingsActivity
com.fenritz.safecam.SettingsActivity: SettingsActivity()
com.fenritz.safecam.ViewImageActivity
com.fenritz.safecam.ViewImageActivity: ViewImageActivity()
com.fenritz.safecam.util.CameraPreview
com.fenritz.safecam.util.CameraPreview: CameraPreview(android.content.Context,android.util.AttributeSet)
com.fenritz.safecam.widget.CheckableLayout
com.fenritz.safecam.widget.CheckableLayout: CheckableLayout(android.content.Context,android.util.AttributeSet)
com.fenritz.safecam.widget.DashboardLayout
com.fenritz.safecam.widget.DashboardLayout: DashboardLayout(android.content.Context,android.util.AttributeSet)
com.fenritz.safecam.widget.DashboardLayout: DashboardLayout(android.content.Context,android.util.AttributeSet,int)
com.fenritz.safecam.widget.TouchImageView
com.fenritz.safecam.widget.TouchImageView: TouchImageView(android.content.Context,android.util.AttributeSet)
...
com.actionbarsherlock.app.SherlockActivity
com.actionbarsherlock.app.SherlockActivity: com.actionbarsherlock.ActionBarSherlock mSherlock
com.actionbarsherlock.app.SherlockActivity: SherlockActivity()
com.actionbarsherlock.app.SherlockActivity: com.actionbarsherlock.ActionBarSherlock getSherlock()
com.actionbarsherlock.app.SherlockActivity: com.actionbarsherlock.app.ActionBar getSupportActionBar()
com.actionbarsherlock.app.SherlockActivity: com.actionbarsherlock.view.ActionMode startActionMode(com.actionbarsherlock.view.ActionMode$Callback)
com.actionbarsherlock.app.SherlockActivity: void onActionModeStarted(com.actionbarsherlock.view.ActionMode)
com.actionbarsherlock.app.SherlockActivity: void onActionModeFinished(com.actionbarsherlock.view.ActionMode)
com.actionbarsherlock.app.SherlockActivity: void onConfigurationChanged(android.content.res.Configuration)
com.actionbarsherlock.app.SherlockActivity: void onPostResume()
com.actionbarsherlock.app.SherlockActivity: void onPause()
com.actionbarsherlock.app.SherlockActivity: void onStop()
com.actionbarsherlock.app.SherlockActivity: void onDestroy()
com.actionbarsherlock.app.SherlockActivity: void onPostCreate(android.os.Bundle)
com.actionbarsherlock.app.SherlockActivity: void onTitleChanged(java.lang.CharSequence,int)
com.actionbarsherlock.app.SherlockActivity: boolean onMenuOpened(int,android.view.Menu)
com.actionbarsherlock.app.SherlockActivity: void onPanelClosed(int,android.view.Menu)
com.actionbarsherlock.app.SherlockDialogFragment
com.actionbarsherlock.app.SherlockDialogFragment: com.actionbarsherlock.app.SherlockFragmentActivity mActivity
com.actionbarsherlock.app.SherlockDialogFragment: SherlockDialogFragment()
com.actionbarsherlock.app.SherlockDialogFragment: com.actionbarsherlock.app.SherlockFragmentActivity getSherlockActivity()
com.actionbarsherlock.app.SherlockDialogFragment: void onAttach(android.app.Activity)
com.actionbarsherlock.app.SherlockDialogFragment: void onDetach()
com.actionbarsherlock.app.SherlockDialogFragment: void onCreateOptionsMenu(android.view.Menu,android.view.MenuInflater)
com.actionbarsherlock.app.SherlockDialogFragment: void onCreateOptionsMenu(com.actionbarsherlock.view.Menu,com.actionbarsherlock.view.MenuInflater)
com.actionbarsherlock.app.SherlockDialogFragment: void onPrepareOptionsMenu(android.view.Menu)
com.actionbarsherlock.app.SherlockDialogFragment: void onPrepareOptionsMenu(com.actionbarsherlock.view.Menu)
com.actionbarsherlock.app.SherlockDialogFragment: boolean onOptionsItemSelected(android.view.MenuItem)
com.actionbarsherlock.app.SherlockDialogFragment: boolean onOptionsItemSelected(com.actionbarsherlock.view.MenuItem)