proguard/mapping.txt
com.fenritz.safecam.CameraActivity -> com.fenritz.safecam.CameraActivity:
    com.fenritz.safecam.util.CameraPreview mPreview -> d
    android.hardware.Camera mCamera -> a
    int cameraCurrentlyLocked -> b
    int mOrientation -> e
    android.view.OrientationEventListener mOrientationEventListener -> f
    int numberOfCameras -> g
    int currentCamera -> h
    boolean isTimerOn -> i
    android.widget.ImageButton takePhotoButton -> j
    android.widget.ImageButton flashButton -> k
    android.widget.ImageButton timerButton -> l
    android.widget.ImageView galleryButton -> m
    int timerTotalSeconds -> n
    int timerTimePassed -> o
    boolean isTimerRunning -> p
    java.io.File lastFile -> q
    int lastRotation -> r
    int overallRotation -> s
    boolean isTakingPhoto -> t
    java.util.Timer timer -> u
    int photoSizeIndex -> v
    int defaultCameraId -> c
    android.content.BroadcastReceiver receiver -> w
    com.google.ads.AdView adView -> x
    118:160:void onCreate(android.os.Bundle) -> onCreate
    164:177:void onResume() -> onResume
    181:191:void onPause() -> onPause
    237:348:void startCamera(int) -> a
    351:356:void releaseCamera() -> a
    426:433:void setMegapixelLabel(int,int) -> a
    436:490:void showLastPhotoThumb() -> b
    494:501:void onDestroy() -> onDestroy
    526:539:boolean onKeyDown(int,android.view.KeyEvent) -> onKeyDown
    545:556:boolean onKeyUp(int,android.view.KeyEvent) -> onKeyUp
    632:687:void takePhoto() -> c
com.fenritz.safecam.CameraActivity$1 -> com.fenritz.safecam.a:
    com.fenritz.safecam.CameraActivity this$0 -> a
    156:157:void onReceive(android.content.Context,android.content.Intent) -> onReceive
com.fenritz.safecam.CameraActivity$10 -> com.fenritz.safecam.b:
    com.fenritz.safecam.CameraActivity this$0 -> a
    576:599:void onClick(android.view.View) -> onClick
com.fenritz.safecam.CameraActivity$11 -> com.fenritz.safecam.c:
    com.fenritz.safecam.CameraActivity this$0 -> a
    606:619:void onClick(android.view.View) -> onClick
com.fenritz.safecam.CameraActivity$12 -> com.fenritz.safecam.d:
    com.fenritz.safecam.CameraActivity this$0 -> a
    626:627:void onClick(android.view.View) -> onClick
com.fenritz.safecam.CameraActivity$13 -> com.fenritz.safecam.e:
    com.fenritz.safecam.CameraActivity this$0 -> a
    651:673:void run() -> run
    648:648:com.fenritz.safecam.CameraActivity access$0(com.fenritz.safecam.CameraActivity$13) -> a
com.fenritz.safecam.CameraActivity$13$1 -> com.fenritz.safecam.f:
    com.fenritz.safecam.CameraActivity$13 this$1 -> a
    654:658:void run() -> run
com.fenritz.safecam.CameraActivity$14 -> com.fenritz.safecam.g:
    com.fenritz.safecam.CameraActivity this$0 -> a
    704:726:void onPictureTaken(byte[],android.hardware.Camera) -> onPictureTaken
    701:701:com.fenritz.safecam.CameraActivity access$0(com.fenritz.safecam.CameraActivity$14) -> a
com.fenritz.safecam.CameraActivity$14$1 -> com.fenritz.safecam.h:
    com.fenritz.safecam.CameraActivity$14 this$1 -> a
    719:721:void onFinish() -> a
com.fenritz.safecam.CameraActivity$15 -> com.fenritz.safecam.i:
    com.fenritz.safecam.CameraActivity this$0 -> a
    java.util.List val$mSupportedPictureSizes -> b
    android.content.SharedPreferences val$preferences -> c
    1011:1036:void onClick(android.content.DialogInterface,int) -> onClick
com.fenritz.safecam.CameraActivity$16 -> com.fenritz.safecam.j:
    com.fenritz.safecam.CameraActivity this$0 -> a
    1:1:int compare(java.lang.Object,java.lang.Object) -> compare
com.fenritz.safecam.CameraActivity$2 -> com.fenritz.safecam.k:
    com.fenritz.safecam.CameraActivity this$0 -> a
    200:216:void onClick(android.view.View) -> onClick
com.fenritz.safecam.CameraActivity$3 -> com.fenritz.safecam.l:
    com.fenritz.safecam.CameraActivity this$0 -> a
    222:223:void onClick(android.view.View) -> onClick
...
com.google.ads.internal.c$a -> com.google.ads.a.l:
    com.google.ads.internal.d a -> a
    android.webkit.WebView b -> b
    com.google.ads.internal.f c -> c
    com.google.ads.AdRequest$ErrorCode d -> d
    boolean e -> e
    111:130:void run() -> run
com.google.ads.internal.c$b -> com.google.ads.a.m:
    com.google.ads.internal.c a -> a
com.google.ads.internal.c$c -> com.google.ads.a.n:
    java.lang.String b -> b
    java.lang.String c -> c
    android.webkit.WebView d -> d
    com.google.ads.internal.c a -> a
    149:154:void run() -> run
com.google.ads.internal.c$d -> com.google.ads.a.o:
    com.google.ads.internal.c a -> a
com.google.ads.internal.c$e -> com.google.ads.a.p:
    com.google.ads.internal.d a -> a
    java.util.LinkedList b -> b
    int c -> c
    boolean d -> d
    java.lang.String e -> e
    181:188:void run() -> run
com.google.ads.internal.d -> com.google.ads.a.q:
    java.lang.Object a -> a
    com.google.ads.m b -> b
    com.google.ads.internal.c c -> c
    com.google.ads.AdRequest d -> d
    com.google.ads.internal.g e -> e
    com.google.ads.internal.AdWebView f -> f
    com.google.ads.internal.i g -> g
    android.os.Handler h -> h
    long i -> i
    boolean j -> j
    boolean k -> k
    boolean l -> l
    boolean m -> m
    android.content.SharedPreferences n -> n
    long o -> o
    com.google.ads.ab p -> p
    boolean q -> q
    java.util.LinkedList r -> r
    java.util.LinkedList s -> s
    int t -> t
    java.lang.Boolean u -> u
    com.google.ads.d v -> v
    com.google.ads.e w -> w
    com.google.ads.f x -> x
    java.lang.String y -> y
    268:284:void a() -> a
    294:302:void b() -> b
    311:327:void a(java.lang.String) -> a
    334:334:java.lang.String c() -> c
    343:345:void d() -> d
    354:362:void e() -> e
    371:388:void f() -> f
    396:396:com.google.ads.m g() -> g
    405:405:com.google.ads.d h() -> h
    415:415:com.google.ads.internal.c i() -> i
    424:424:com.google.ads.internal.AdWebView j() -> j
    433:433:com.google.ads.internal.i k() -> k
    442:442:com.google.ads.internal.g l() -> l
    453:454:void a(int) -> a
    462:462:int m() -> m
    471:471:long n() -> n
    482:482:boolean o() -> w
    489:489:boolean p() -> o
    506:506:boolean r() -> p
    518:566:void a(com.google.ads.AdRequest) -> a
com.google.ads.internal.e -> com.google.ads.a.r:
    java.lang.String a -> a
    java.util.HashMap b -> b
    117:121:android.os.Bundle a() -> a
    132:132:java.lang.String b() -> b
    143:143:java.util.HashMap c() -> c
com.google.ads.internal.f -> com.google.ads.a.s:
    com.google.ads.internal.c a -> a
    com.google.ads.internal.d b -> b
    com.google.ads.internal.f$a c -> c
    boolean d -> d
    boolean e -> e
    java.lang.String f -> f
    java.lang.Thread g -> g
    153:154:void a() -> a
    161:171:void a(java.net.HttpURLConnection) -> a
    314:315:void a(boolean) -> a
    335:341:void a(java.lang.String) -> a
    399:413:void run() -> run
com.google.ads.internal.f$1 -> com.google.ads.a.t:
    125:125:java.net.HttpURLConnection a(java.net.URL) -> a
com.google.ads.internal.f$a -> com.google.ads.a.u:
    java.net.HttpURLConnection a(java.net.URL) -> a