proguard/usage.txt
com.fenritz.safecam.BuildConfig
com.fenritz.safecam.CameraActivity:
    public static final java.lang.String FLASH_MODE
    public static final java.lang.String TIMER_MODE
    public static final java.lang.String PHOTO_SIZE
    public static final java.lang.String PHOTO_SIZE_FRONT
    android.widget.FrameLayout$LayoutParams origParams
    private static final int ORIENTATION_PORTRAIT_NORMAL
    private static final int ORIENTATION_PORTRAIT_INVERTED
    private static final int ORIENTATION_LANDSCAPE_NORMAL
    private static final int ORIENTATION_LANDSCAPE_INVERTED
    private static final int DEFAULT_CAMERA
    194:195:private void startCamera()
    731:753:public static byte[] FixFrontCamPhoto(byte[],int)
com.fenritz.safecam.CameraActivity$EncryptAndWriteFile:
    900:901:public CameraActivity$EncryptAndWriteFile(com.fenritz.safecam.CameraActivity)
com.fenritz.safecam.CameraActivity$EncryptAndWriteThumb:
    946:947:public CameraActivity$EncryptAndWriteThumb(com.fenritz.safecam.CameraActivity,android.content.Context)
    950:951:public CameraActivity$EncryptAndWriteThumb(com.fenritz.safecam.CameraActivity,android.content.Context,java.lang.String)
com.fenritz.safecam.FileDialog:
    public static final int MODE_CREATE
    public static final int MODE_OPEN
    public static final int MODE_SINGLE
    public static final int MODE_MULTIPLE
    private static final int TYPE_FOLDER
    private static final int TYPE_FILE
    private static final java.lang.String ITEM_KEY
    private static final java.lang.String ITEM_TYPE
    private static final java.lang.String ROOT
    public static final java.lang.String START_PATH
    public static final java.lang.String FORMAT_FILTER
    public static final java.lang.String RESULT_PATH
    public static final java.lang.String SELECTION_MODE
    public static final java.lang.String FILE_SELECTION_MODE
    public static final java.lang.String CAN_SELECT_FILE
    public static final java.lang.String CAN_SELECT_DIR
    private static final int SELECT_NONE
    private static final int SELECT_ALL
com.fenritz.safecam.FileDialog$BitmapViewBinder
com.fenritz.safecam.GalleryActivity:
    protected static final int REQUEST_DECRYPT
    protected static final int REQUEST_ENCRYPT
    protected static final int REQUEST_IMPORT
    protected static final int REQUEST_VIEW_PHOTO
    protected static final int ACTION_DECRYPT
    protected static final int ACTION_SHARE
    protected static final int ACTION_MOVE
    protected static final int ACTION_DELETE
    protected static final int ACTION_DELETE_FOLDER
com.fenritz.safecam.R
com.fenritz.safecam.R$anim
com.fenritz.safecam.R$array
com.fenritz.safecam.R$attr
com.fenritz.safecam.R$bool
com.fenritz.safecam.R$color
com.fenritz.safecam.R$dimen
com.fenritz.safecam.R$drawable
com.fenritz.safecam.R$id
com.fenritz.safecam.R$integer
com.fenritz.safecam.R$layout
com.fenritz.safecam.R$menu
com.fenritz.safecam.R$string
com.fenritz.safecam.R$style
com.fenritz.safecam.R$styleable
com.fenritz.safecam.R$xml
com.fenritz.safecam.SafeCameraActivity:
    public static final java.lang.String DEFAULT_PREFS
    public static final java.lang.String PASSWORD
    public static final java.lang.String LAST_CAM_ID
    public static final java.lang.String LAST_LOCK_TIME
    public static final java.lang.String ACTION_JUST_LOGIN
    public static final java.lang.String PARAM_EXTRA_DATA
    public static final java.lang.String LOGINS_COUNT_FOR_POPUP
    public static final java.lang.String DONT_SHOW_POPUP
    public static final java.lang.String POPUP_LATERS_COUNT
com.fenritz.safecam.ViewImageActivity:
    private static final int SWIPE_MIN_DISTANCE
    private static final int SWIPE_MAX_OFF_PATH
    private static final int SWIPE_THRESHOLD_VELOCITY
    private static final int REQUEST_DECRYPT
...
android.support.v4.view.accessibility.AccessibilityNodeInfoCompatJellyBean
android.support.v4.view.accessibility.AccessibilityNodeProviderCompatJellyBean:
    28:29:AccessibilityNodeProviderCompatJellyBean()
android.support.v4.view.accessibility.AccessibilityRecordCompat
android.support.v4.view.accessibility.AccessibilityRecordCompat$AccessibilityRecordIcsImpl
android.support.v4.view.accessibility.AccessibilityRecordCompat$AccessibilityRecordIcsMr1Impl
android.support.v4.view.accessibility.AccessibilityRecordCompat$AccessibilityRecordImpl
android.support.v4.view.accessibility.AccessibilityRecordCompat$AccessibilityRecordJellyBeanImpl
android.support.v4.view.accessibility.AccessibilityRecordCompat$AccessibilityRecordStubImpl
android.support.v4.view.accessibility.AccessibilityRecordCompatIcs
android.support.v4.view.accessibility.AccessibilityRecordCompatIcsMr1
android.support.v4.view.accessibility.AccessibilityRecordCompatJellyBean
android.support.v4.widget.CursorAdapter
android.support.v4.widget.CursorAdapter$1
android.support.v4.widget.CursorAdapter$ChangeObserver
android.support.v4.widget.CursorAdapter$MyDataSetObserver
android.support.v4.widget.CursorFilter
android.support.v4.widget.CursorFilter$CursorFilterClient
android.support.v4.widget.EdgeEffectCompat:
    204:204:public boolean onAbsorb(int)
android.support.v4.widget.EdgeEffectCompat$BaseEdgeEffectImpl:
    82:82:public boolean onAbsorb(java.lang.Object,int)
android.support.v4.widget.EdgeEffectCompat$EdgeEffectIcsImpl:
    116:116:public boolean onAbsorb(java.lang.Object,int)
android.support.v4.widget.EdgeEffectCompat$EdgeEffectImpl:
    public abstract boolean onAbsorb(java.lang.Object,int)
android.support.v4.widget.EdgeEffectCompatIcs:
    28:28:EdgeEffectCompatIcs()
    57:58:public static boolean onAbsorb(java.lang.Object,int)
android.support.v4.widget.ResourceCursorAdapter
android.support.v4.widget.ScrollerCompat
android.support.v4.widget.ScrollerCompat$ScrollerCompatImplIcs
android.support.v4.widget.ScrollerCompatIcs
android.support.v4.widget.SearchViewCompat
android.support.v4.widget.SearchViewCompat$OnQueryTextListenerCompat
android.support.v4.widget.SearchViewCompat$SearchViewCompatHoneycombImpl
android.support.v4.widget.SearchViewCompat$SearchViewCompatHoneycombImpl$1
android.support.v4.widget.SearchViewCompat$SearchViewCompatImpl
android.support.v4.widget.SearchViewCompat$SearchViewCompatStubImpl
android.support.v4.widget.SearchViewCompatHoneycomb
android.support.v4.widget.SearchViewCompatHoneycomb$1
android.support.v4.widget.SearchViewCompatHoneycomb$OnQueryTextListenerCompatBridge
android.support.v4.widget.SimpleCursorAdapter
android.support.v4.widget.SimpleCursorAdapter$CursorToStringConverter
android.support.v4.widget.SimpleCursorAdapter$ViewBinder
com.adobe.xmp.XMPConst
com.adobe.xmp.XMPDateTime:
    public abstract java.lang.String getISO8601String()
com.adobe.xmp.XMPDateTimeFactory
com.adobe.xmp.XMPError
com.adobe.xmp.XMPIterator:
    public abstract void skipSubtree()
    public abstract void skipSiblings()